[22:10:37.374][info] [#0:/Users/vlad-balance-pl/.config/coc/extensions/coc-lua-data/lua-language-server/main.lua:68]: Lua Lsp startup, root: 	/Users/vlad-balance-pl/.config/coc/extensions/coc-lua-data/lua-language-server
[22:10:37.374][info] [#0:/Users/vlad-balance-pl/.config/coc/extensions/coc-lua-data/lua-language-server/main.lua:69]: ROOT:	/Users/vlad-balance-pl/.config/coc/extensions/coc-lua-data/lua-language-server
[22:10:37.374][info] [#0:/Users/vlad-balance-pl/.config/coc/extensions/coc-lua-data/lua-language-server/main.lua:70]: LOGPATH:	/Users/vlad-balance-pl/.config/coc/extensions/coc-lua-data/lua-language-server/log
[22:10:37.374][info] [#0:/Users/vlad-balance-pl/.config/coc/extensions/coc-lua-data/lua-language-server/main.lua:71]: METAPATH:	/Users/vlad-balance-pl/.config/coc/extensions/coc-lua-data/lua-language-server/meta
[22:10:37.375][info] [#0:/Users/vlad-balance-pl/.config/coc/extensions/coc-lua-data/lua-language-server/main.lua:72]: VERSION:	3.10.4
[22:10:37.408][info] [#0:script/proto/proto.lua:234]: Listen Mode: stdio
[22:10:37.408][info] [#0:script/service/service.lua:146]: 
========= Medical Examination Report =========
    --------------- Memory ---------------
        Total: 2.222 MB
        # 00 : 2.222 MB
        # 01 : 0.000 MB
        # 02 : 0.000 MB
        # 03 : 0.000 MB
        # 04 : 0.000 MB
    --------------- Coroutine ---------------
        Total:     0
        Running:   0
        Suspended: 0
        Normal:    0
        Dead:      0
    --------------- Cache ---------------
        Total: 1
        Dead:  0
    ---------------  RPC  ---------------
        Holdon:   0
        Waiting:  0
==============================================
[22:10:37.414][info] [#0:script/client.lua:657]: Client init	{
  capabilities = {
    general = {
      markdown = {
        parser = "marked",
        version = "7.0.5"
      },
      positionEncodings = { "utf-16" },
      regularExpressions = {
        engine = "ECMAScript",
        version = "ES2020"
      },
      staleRequestSupport = {
        cancel = true,
        retryOnContentModified = { "textDocument/inlayHint", "textDocument/semanticTokens/full", "textDocument/semanticTokens/range", "textDocument/semanticTokens/full/delta" }
      }
    },
    textDocument = {
      callHierarchy = {
        dynamicRegistration = true
      },
      codeAction = {
        codeActionLiteralSupport = {
          codeActionKind = {
            valueSet = { "", "quickfix", "refactor", "refactor.extract", "refactor.inline", "refactor.rewrite", "source", "source.organizeImports" }
          }
        },
        dataSupport = true,
        disabledSupport = true,
        dynamicRegistration = true,
        honorsChangeAnnotations = false,
        isPreferredSupport = true,
        resolveSupport = {
          properties = { "edit" }
        }
      },
      codeLens = {
        dynamicRegistration = true
      },
      colorProvider = {
        dynamicRegistration = true
      },
      completion = {
        completionItem = {
          commitCharactersSupport = true,
          deprecatedSupport = true,
          documentationFormat = { "markdown", "plaintext" },
          insertReplaceSupport = true,
          insertTextModeSupport = {
            valueSet = { 1, 2 }
          },
          labelDetailsSupport = true,
          preselectSupport = true,
          resolveSupport = {
            properties = { "documentation", "detail", "additionalTextEdits" }
          },
          snippetSupport = true,
          tagSupport = {
            valueSet = { 1 }
          }
        },
        completionItemKind = {
          valueSet = { 1, 2, 3, 4, 5, 6, 7, 8, 9, 10, 11, 12, 13, 14, 15, 16, 17, 18, 19, 20, 21, 22, 23, 24, 25 }
        },
        completionList = {
          itemDefaults = { "commitCharacters", "editRange", "insertTextFormat", "insertTextMode" }
        },
        contextSupport = true,
        dynamicRegistration = true,
        insertTextMode = 2
      },
      declaration = {
        dynamicRegistration = true,
        linkSupport = true
      },
      definition = {
        dynamicRegistration = true,
        linkSupport = true
      },
      diagnostic = {
        dynamicRegistration = true,
        relatedDocumentSupport = true
      },
      documentHighlight = {
        dynamicRegistration = true
      },
      documentLink = {
        dynamicRegistration = true,
        tooltipSupport = true
      },
      documentSymbol = {
        dynamicRegistration = true,
        hierarchicalDocumentSymbolSupport = true,
        labelSupport = true,
        symbolKind = {
          valueSet = { 1, 2, 3, 4, 5, 6, 7, 8, 9, 10, 11, 12, 13, 14, 15, 16, 17, 18, 19, 20, 21, 22, 23, 24, 25, 26 }
        },
        tagSupport = {
          valueSet = { 1 }
        }
      },
      foldingRange = {
        dynamicRegistration = true,
        foldingRange = {
          collapsedText = false
        },
        foldingRangeKind = {
          valueSet = { "comment", "imports", "region" }
        },
        lineFoldingOnly = true,
        rangeLimit = 5000
      },
      formatting = {
        dynamicRegistration = true
      },
      hover = {
        contentFormat = { "markdown", "plaintext" },
        dynamicRegistration = true
      },
      implementation = {
        dynamicRegistration = true,
        linkSupport = true
      },
      inlayHint = {
        dynamicRegistration = true,
        resolveSupport = {
          properties = { "tooltip", "textEdits", "label.tooltip", "label.location", "label.command" }
        }
      },
      inlineValue = {
        dynamicRegistration = true
      },
      linkedEditingRange = {
        dynamicRegistration = true
      },
      onTypeFormatting = {
        dynamicRegistration = true
      },
      publishDiagnostics = {
        codeDescriptionSupport = true,
        dataSupport = true,
        relatedInformation = true,
        tagSupport = {
          valueSet = { 1, 2 }
        },
        versionSupport = true
      },
      rangeFormatting = {
        dynamicRegistration = true
      },
      references = {
        dynamicRegistration = true
      },
      rename = {
        dynamicRegistration = true,
        honorsChangeAnnotations = true,
        prepareSupport = true,
        prepareSupportDefaultBehavior = 1
      },
      selectionRange = {
        dynamicRegistration = true
      },
      semanticTokens = {
        augmentsSyntaxTokens = true,
        dynamicRegistration = true,
        formats = { "relative" },
        multilineTokenSupport = false,
        overlappingTokenSupport = false,
        requests = {
          full = {
            delta = true
          },
          range = true
        },
        serverCancelSupport = true,
        tokenModifiers = { "declaration", "definition", "readonly", "static", "deprecated", "abstract", "async", "modification", "documentation", "defaultLibrary" },
        tokenTypes = { "namespace", "type", "class", "enum", "interface", "struct", "typeParameter", "parameter", "variable", "property", "enumMember", "event", "function", "method", "macro", "keyword", "modifier", "comment", "string", "number", "regexp", "decorator", "operator" }
      },
      signatureHelp = {
        contextSupport = true,
        dynamicRegistration = true,
        signatureInformation = {
          activeParameterSupport = true,
          documentationFormat = { "markdown", "plaintext" },
          parameterInformation = {
            labelOffsetSupport = true
          }
        }
      },
      synchronization = {
        didSave = true,
        dynamicRegistration = true,
        willSave = true,
        willSaveWaitUntil = true
      },
      typeDefinition = {
        dynamicRegistration = true,
        linkSupport = true
      },
      typeHierarchy = {
        dynamicRegistration = true
      }
    },
    window = {
      showDocument = {
        support = true
      },
      showMessage = {
        messageActionItem = {
          additionalPropertiesSupport = true
        }
      },
      workDoneProgress = true
    },
    workspace = {
      applyEdit = true,
      codeLens = {
        refreshSupport = true
      },
      configuration = true,
      diagnostics = {
        refreshSupport = true
      },
      didChangeConfiguration = {
        dynamicRegistration = true
      },
      didChangeWatchedFiles = {
        dynamicRegistration = true,
        relativePatternSupport = true
      },
      executeCommand = {
        dynamicRegistration = true
      },
      fileOperations = {
        didCreate = true,
        didDelete = true,
        didRename = true,
        dynamicRegistration = true,
        willCreate = true,
        willDelete = true,
        willRename = true
      },
      inlayHint = {
        refreshSupport = true
      },
      inlineValue = {
        refreshSupport = true
      },
      semanticTokens = {
        refreshSupport = true
      },
      symbol = {
        dynamicRegistration = true,
        resolveSupport = {
          properties = { "location.range" }
        },
        symbolKind = {
          valueSet = { 1, 2, 3, 4, 5, 6, 7, 8, 9, 10, 11, 12, 13, 14, 15, 16, 17, 18, 19, 20, 21, 22, 23, 24, 25, 26 }
        },
        tagSupport = {
          valueSet = { 1 }
        }
      },
      workspaceEdit = {
        changeAnnotationSupport = {
          groupsOnLabel = false
        },
        documentChanges = true,
        failureHandling = "undo",
        normalizesLineEndings = true,
        resourceOperations = { "create", "rename", "delete" }
      },
      workspaceFolders = true
    }
  },
  clientInfo = {
    name = "coc.nvim",
    version = "0.0.82"
  },
  initializationOptions = {
    changeConfiguration = true
  },
  locale = "en_GB",
  processId = 57297,
  rootPath = "/Users/vlad-balance-pl/.config/nvim",
  rootUri = "file:///Users/vlad-balance-pl/.config/nvim",
  trace = "off",
  workDoneToken = "694941d1-fff3-4c32-8c3a-09f7ffb867c1",
  workspaceFolders = { {
      name = "nvim",
      uri = "file:///Users/vlad-balance-pl/.config/nvim"
    } }
}
[22:10:37.414][info] [#0:script/language.lua:137]: VSC language: en_GB
[22:10:37.414][info] [#0:script/language.lua:138]: LS  language: en-us
[22:10:37.414][info] [#0:script/workspace/workspace.lua:38]: Workspace init root: 	file:///Users/vlad-balance-pl/.config/nvim
[22:10:37.414][info] [#0:script/workspace/workspace.lua:42]: Log path: 	/Users/vlad-balance-pl/.config/coc/extensions/coc-lua-data/lua-language-server/log/file_Users_vlad-balance-pl_.config_nvim.log
[22:10:37.414][info] [#0:script/workspace/workspace.lua:48]: Workspace create: 	file:///Users/vlad-balance-pl/.config/nvim
[22:10:37.624][info] [#0:script/provider/provider.lua:46]: Load config from client	file:///Users/vlad-balance-pl/.config/nvim
[22:10:37.624][info] [#0:script/provider/provider.lua:47]: {
  Lua = {
    addonManager = {
      enable = true
    },
    codeLens = {
      enable = false
    },
    completion = {
      autoRequire = true,
      callSnippet = "Disable",
      displayContext = 0,
      enable = true,
      keywordSnippet = "Replace",
      postfix = "@",
      requireSeparator = ".",
      showParams = true,
      showWord = "Fallback",
      workspaceWord = true
    },
    diagnostics = {
      disable = {},
      disableScheme = { "git" },
      enable = true,
      globals = {},
      ignoredFiles = "Opened",
      libraryFiles = "Opened",
      unusedLocalExclude = {},
      workspaceDelay = 3000,
      workspaceEvent = "OnSave",
      workspaceRate = 100
    },
    doc = {
      packageName = {},
      privateName = {},
      protectedName = {}
    },
    format = {
      defaultConfig = {},
      enable = true
    },
    hint = {
      arrayIndex = "Auto",
      await = true,
      enable = false,
      paramName = "All",
      paramType = true,
      semicolon = "SameLine",
      setType = false
    },
    hover = {
      enable = true,
      enumsLimit = 5,
      expandAlias = true,
      previewFields = 50,
      viewNumber = true,
      viewString = true,
      viewStringMax = 1000
    },
    misc = {
      executablePath = "",
      parameters = {}
    },
    runtime = {
      fileEncoding = "utf8",
      meta = "${version} ${language} ${encoding}",
      nonstandardSymbol = {},
      path = { "?.lua", "?/init.lua" },
      pathStrict = false,
      plugin = "",
      pluginArgs = {},
      special = {},
      unicodeName = false,
      version = "Lua 5.4"
    },
    semantic = {
      annotation = true,
      enable = true,
      keyword = false,
      variable = true
    },
    signatureHelp = {
      enable = true
    },
    spell = {
      dict = {}
    },
    type = {
      castNumberToInteger = true,
      weakNilCheck = false,
      weakUnionCheck = false
    },
    window = {
      progressBar = true,
      statusBar = true
    },
    workspace = {
      checkThirdParty = true,
      ignoreDir = { ".vscode" },
      ignoreSubmodules = true,
      library = {},
      maxPreload = 5000,
      preloadFileSize = 500,
      useGitIgnore = true,
      userThirdParty = {}
    }
  }
}
[22:10:37.733][info] [#0:script/provider/completion.lua:43]: Enable completion.
[22:10:37.734][info] [#0:script/provider/provider.lua:61]: Load config from client	fallback
[22:10:37.736][info] [#0:script/provider/provider.lua:62]: {
  Lua = {
    addonManager = {
      enable = true
    },
    codeLens = {
      enable = false
    },
    completion = {
      autoRequire = true,
      callSnippet = "Disable",
      displayContext = 0,
      enable = true,
      keywordSnippet = "Replace",
      postfix = "@",
      requireSeparator = ".",
      showParams = true,
      showWord = "Fallback",
      workspaceWord = true
    },
    diagnostics = {
      disable = {},
      disableScheme = { "git" },
      enable = true,
      globals = {},
      ignoredFiles = "Opened",
      libraryFiles = "Opened",
      unusedLocalExclude = {},
      workspaceDelay = 3000,
      workspaceEvent = "OnSave",
      workspaceRate = 100
    },
    doc = {
      packageName = {},
      privateName = {},
      protectedName = {}
    },
    format = {
      defaultConfig = {},
      enable = true
    },
    hint = {
      arrayIndex = "Auto",
      await = true,
      enable = false,
      paramName = "All",
      paramType = true,
      semicolon = "SameLine",
      setType = false
    },
    hover = {
      enable = true,
      enumsLimit = 5,
      expandAlias = true,
      previewFields = 50,
      viewNumber = true,
      viewString = true,
      viewStringMax = 1000
    },
    misc = {
      executablePath = "",
      parameters = {}
    },
    runtime = {
      fileEncoding = "utf8",
      meta = "${version} ${language} ${encoding}",
      nonstandardSymbol = {},
      path = { "?.lua", "?/init.lua" },
      pathStrict = false,
      plugin = "",
      pluginArgs = {},
      special = {},
      unicodeName = false,
      version = "Lua 5.4"
    },
    semantic = {
      annotation = true,
      enable = true,
      keyword = false,
      variable = true
    },
    signatureHelp = {
      enable = true
    },
    spell = {
      dict = {}
    },
    type = {
      castNumberToInteger = true,
      weakNilCheck = false,
      weakUnionCheck = false
    },
    window = {
      progressBar = true,
      statusBar = true
    },
    workspace = {
      checkThirdParty = true,
      ignoreDir = { ".vscode" },
      ignoreSubmodules = true,
      library = {},
      maxPreload = 5000,
      preloadFileSize = 500,
      useGitIgnore = true,
      userThirdParty = {}
    }
  }
}
[22:10:37.974][info] [#0:script/plugin.lua:169]: plugin path:	/Users/vlad-balance-pl/.config/nvim
[22:10:37.974][warn] [#0:script/plugin.lua:184]: plugin not found:	/Users/vlad-balance-pl/.config/nvim
[22:10:37.974][info] [#0:script/library.lua:212]: Init builtin library at:	file:///Users/vlad-balance-pl/.config/nvim
[22:10:37.997][info] [#0:script/library.lua:212]: Init builtin library at:	nil
[22:10:38.112][info] [#0:script/workspace/workspace.lua:324]: Preload start:	file:///Users/vlad-balance-pl/.config/nvim
[22:10:38.125][info] [#0:script/workspace/workspace.lua:330]: Scan files at:	file:///Users/vlad-balance-pl/.config/nvim
[22:10:38.126][info] [#0:script/workspace/workspace.lua:324]: Preload start:	<fallback>
[22:10:38.129][info] [#0:script/workspace/workspace.lua:353]: Scan library at:	file:///Users/vlad-balance-pl/.config/coc/extensions/coc-lua-data/lua-language-server/meta/Lua%205.4%20en-us%20utf8/utf8.lua
[22:10:38.129][info] [#0:script/workspace/workspace.lua:353]: Scan library at:	file:///Users/vlad-balance-pl/.config/coc/extensions/coc-lua-data/lua-language-server/meta/Lua%205.4%20en-us%20utf8/builtin.lua
[22:10:38.129][info] [#0:script/workspace/workspace.lua:353]: Scan library at:	file:///Users/vlad-balance-pl/.config/coc/extensions/coc-lua-data/lua-language-server/meta/Lua%205.4%20en-us%20utf8/string.lua
[22:10:38.130][info] [#0:script/workspace/workspace.lua:353]: Scan library at:	file:///Users/vlad-balance-pl/.config/coc/extensions/coc-lua-data/lua-language-server/meta/Lua%205.4%20en-us%20utf8/basic.lua
[22:10:38.130][info] [#0:script/workspace/workspace.lua:353]: Scan library at:	file:///Users/vlad-balance-pl/.config/coc/extensions/coc-lua-data/lua-language-server/meta/Lua%205.4%20en-us%20utf8/debug.lua
[22:10:38.130][info] [#0:script/workspace/workspace.lua:353]: Scan library at:	file:///Users/vlad-balance-pl/.config/coc/extensions/coc-lua-data/lua-language-server/meta/Lua%205.4%20en-us%20utf8/io.lua
[22:10:38.130][info] [#0:script/workspace/workspace.lua:353]: Scan library at:	file:///Users/vlad-balance-pl/.config/coc/extensions/coc-lua-data/lua-language-server/meta/Lua%205.4%20en-us%20utf8/package.lua
[22:10:38.130][info] [#0:script/workspace/workspace.lua:353]: Scan library at:	file:///Users/vlad-balance-pl/.config/coc/extensions/coc-lua-data/lua-language-server/meta/Lua%205.4%20en-us%20utf8/table.lua
[22:10:38.131][info] [#0:script/workspace/workspace.lua:353]: Scan library at:	file:///Users/vlad-balance-pl/.config/coc/extensions/coc-lua-data/lua-language-server/meta/Lua%205.4%20en-us%20utf8/os.lua
[22:10:38.131][info] [#0:script/workspace/workspace.lua:353]: Scan library at:	file:///Users/vlad-balance-pl/.config/coc/extensions/coc-lua-data/lua-language-server/meta/Lua%205.4%20en-us%20utf8/coroutine.lua
[22:10:38.131][info] [#0:script/workspace/workspace.lua:353]: Scan library at:	file:///Users/vlad-balance-pl/.config/coc/extensions/coc-lua-data/lua-language-server/meta/Lua%205.4%20en-us%20utf8/utf8.lua
[22:10:38.131][info] [#0:script/workspace/workspace.lua:353]: Scan library at:	file:///Users/vlad-balance-pl/.config/coc/extensions/coc-lua-data/lua-language-server/meta/Lua%205.4%20en-us%20utf8/math.lua
[22:10:38.131][info] [#0:script/workspace/workspace.lua:353]: Scan library at:	file:///Users/vlad-balance-pl/.config/coc/extensions/coc-lua-data/lua-language-server/meta/Lua%205.4%20en-us%20utf8/builtin.lua
[22:10:38.131][info] [#0:script/workspace/workspace.lua:353]: Scan library at:	file:///Users/vlad-balance-pl/.config/coc/extensions/coc-lua-data/lua-language-server/meta/Lua%205.4%20en-us%20utf8/string.lua
[22:10:38.131][info] [#0:script/workspace/workspace.lua:353]: Scan library at:	file:///Users/vlad-balance-pl/.config/coc/extensions/coc-lua-data/lua-language-server/meta/Lua%205.4%20en-us%20utf8/basic.lua
[22:10:38.131][info] [#0:script/workspace/workspace.lua:353]: Scan library at:	file:///Users/vlad-balance-pl/.config/coc/extensions/coc-lua-data/lua-language-server/meta/Lua%205.4%20en-us%20utf8/debug.lua
[22:10:38.131][info] [#0:script/workspace/workspace.lua:353]: Scan library at:	file:///Users/vlad-balance-pl/.config/coc/extensions/coc-lua-data/lua-language-server/meta/Lua%205.4%20en-us%20utf8/io.lua
[22:10:38.132][info] [#0:script/workspace/workspace.lua:353]: Scan library at:	file:///Users/vlad-balance-pl/.config/coc/extensions/coc-lua-data/lua-language-server/meta/Lua%205.4%20en-us%20utf8/package.lua
[22:10:38.132][info] [#0:script/workspace/workspace.lua:353]: Scan library at:	file:///Users/vlad-balance-pl/.config/coc/extensions/coc-lua-data/lua-language-server/meta/Lua%205.4%20en-us%20utf8/table.lua
[22:10:38.132][info] [#0:script/workspace/workspace.lua:353]: Scan library at:	file:///Users/vlad-balance-pl/.config/coc/extensions/coc-lua-data/lua-language-server/meta/Lua%205.4%20en-us%20utf8/os.lua
[22:10:38.132][info] [#0:script/workspace/workspace.lua:353]: Scan library at:	file:///Users/vlad-balance-pl/.config/coc/extensions/coc-lua-data/lua-language-server/meta/Lua%205.4%20en-us%20utf8/coroutine.lua
[22:10:38.132][info] [#0:script/workspace/workspace.lua:353]: Scan library at:	file:///Users/vlad-balance-pl/.config/coc/extensions/coc-lua-data/lua-language-server/meta/Lua%205.4%20en-us%20utf8/math.lua
[22:10:38.235][info] [#0:script/workspace/workspace.lua:379]: Found 11 files at:	<fallback>
[22:10:38.235][info] [#0:script/workspace/loading.lua:161]: Load files from disk:	<fallback>
[22:10:38.235][info] [#0:script/workspace/workspace.lua:379]: Found 19 files at:	file:///Users/vlad-balance-pl/.config/nvim
[22:10:38.235][info] [#0:script/workspace/loading.lua:161]: Load files from disk:	file:///Users/vlad-balance-pl/.config/nvim
[22:10:38.243][info] [#0:script/workspace/loading.lua:89]: Skip loaded file: file:///Users/vlad-balance-pl/.config/nvim/plugin/telescope.lua
[22:10:38.348][info] [#0:script/workspace/loading.lua:101]: Preload file at: file:///Users/vlad-balance-pl/.config/coc/extensions/coc-lua-data/lua-language-server/meta/Lua%205.4%20en-us%20utf8/math.lua , size = 8.509 KB
[22:10:38.384][info] [#0:script/workspace/loading.lua:113]: ++++As library of:	file:///Users/vlad-balance-pl/.config/coc/extensions/coc-lua-data/lua-language-server/meta/Lua%205.4%20en-us%20utf8/math.lua
[22:10:38.385][info] [#0:script/workspace/loading.lua:101]: Preload file at: file:///Users/vlad-balance-pl/.config/coc/extensions/coc-lua-data/lua-language-server/meta/Lua%205.4%20en-us%20utf8/coroutine.lua , size = 2.590 KB
[22:10:38.388][info] [#0:script/workspace/loading.lua:113]: ++++As library of:	file:///Users/vlad-balance-pl/.config/coc/extensions/coc-lua-data/lua-language-server/meta/Lua%205.4%20en-us%20utf8/coroutine.lua
[22:10:38.388][info] [#0:script/workspace/loading.lua:98]: Skip loaded file: file:///Users/vlad-balance-pl/.config/coc/extensions/coc-lua-data/lua-language-server/meta/Lua%205.4%20en-us%20utf8/coroutine.lua
[22:10:38.388][info] [#0:script/workspace/loading.lua:101]: Preload file at: file:///Users/vlad-balance-pl/.config/coc/extensions/coc-lua-data/lua-language-server/meta/Lua%205.4%20en-us%20utf8/os.lua , size = 5.600 KB
[22:10:38.392][info] [#0:script/workspace/loading.lua:113]: ++++As library of:	file:///Users/vlad-balance-pl/.config/coc/extensions/coc-lua-data/lua-language-server/meta/Lua%205.4%20en-us%20utf8/os.lua
[22:10:38.392][info] [#0:script/workspace/loading.lua:98]: Skip loaded file: file:///Users/vlad-balance-pl/.config/coc/extensions/coc-lua-data/lua-language-server/meta/Lua%205.4%20en-us%20utf8/os.lua
[22:10:38.392][info] [#0:script/workspace/loading.lua:101]: Preload file at: file:///Users/vlad-balance-pl/.config/coc/extensions/coc-lua-data/lua-language-server/meta/Lua%205.4%20en-us%20utf8/table.lua , size = 4.235 KB
[22:10:38.396][info] [#0:script/workspace/loading.lua:113]: ++++As library of:	file:///Users/vlad-balance-pl/.config/coc/extensions/coc-lua-data/lua-language-server/meta/Lua%205.4%20en-us%20utf8/table.lua
[22:10:38.396][info] [#0:script/workspace/loading.lua:98]: Skip loaded file: file:///Users/vlad-balance-pl/.config/coc/extensions/coc-lua-data/lua-language-server/meta/Lua%205.4%20en-us%20utf8/table.lua
[22:10:38.396][info] [#0:script/workspace/loading.lua:101]: Preload file at: file:///Users/vlad-balance-pl/.config/coc/extensions/coc-lua-data/lua-language-server/meta/Lua%205.4%20en-us%20utf8/package.lua , size = 2.944 KB
[22:10:38.398][info] [#0:script/workspace/loading.lua:113]: ++++As library of:	file:///Users/vlad-balance-pl/.config/coc/extensions/coc-lua-data/lua-language-server/meta/Lua%205.4%20en-us%20utf8/package.lua
[22:10:38.398][info] [#0:script/workspace/loading.lua:98]: Skip loaded file: file:///Users/vlad-balance-pl/.config/coc/extensions/coc-lua-data/lua-language-server/meta/Lua%205.4%20en-us%20utf8/package.lua
[22:10:38.398][info] [#0:script/workspace/loading.lua:101]: Preload file at: file:///Users/vlad-balance-pl/.config/coc/extensions/coc-lua-data/lua-language-server/meta/Lua%205.4%20en-us%20utf8/io.lua , size = 6.364 KB
[22:10:38.404][info] [#0:script/workspace/loading.lua:113]: ++++As library of:	file:///Users/vlad-balance-pl/.config/coc/extensions/coc-lua-data/lua-language-server/meta/Lua%205.4%20en-us%20utf8/io.lua
[22:10:38.404][info] [#0:script/workspace/loading.lua:98]: Skip loaded file: file:///Users/vlad-balance-pl/.config/coc/extensions/coc-lua-data/lua-language-server/meta/Lua%205.4%20en-us%20utf8/io.lua
[22:10:38.404][info] [#0:script/workspace/loading.lua:101]: Preload file at: file:///Users/vlad-balance-pl/.config/coc/extensions/coc-lua-data/lua-language-server/meta/Lua%205.4%20en-us%20utf8/debug.lua , size = 7.637 KB
[22:10:38.409][info] [#0:script/workspace/loading.lua:113]: ++++As library of:	file:///Users/vlad-balance-pl/.config/coc/extensions/coc-lua-data/lua-language-server/meta/Lua%205.4%20en-us%20utf8/debug.lua
[22:10:38.409][info] [#0:script/workspace/loading.lua:98]: Skip loaded file: file:///Users/vlad-balance-pl/.config/coc/extensions/coc-lua-data/lua-language-server/meta/Lua%205.4%20en-us%20utf8/debug.lua
[22:10:38.409][info] [#0:script/workspace/loading.lua:98]: Skip loaded file: file:///Users/vlad-balance-pl/.config/coc/extensions/coc-lua-data/lua-language-server/meta/Lua%205.4%20en-us%20utf8/math.lua
[22:10:38.409][info] [#0:script/workspace/loading.lua:101]: Preload file at: file:///Users/vlad-balance-pl/.config/coc/extensions/coc-lua-data/lua-language-server/meta/Lua%205.4%20en-us%20utf8/basic.lua , size = 15.619 KB
[22:10:38.418][info] [#0:script/workspace/loading.lua:113]: ++++As library of:	file:///Users/vlad-balance-pl/.config/coc/extensions/coc-lua-data/lua-language-server/meta/Lua%205.4%20en-us%20utf8/basic.lua
[22:10:38.418][info] [#0:script/workspace/loading.lua:98]: Skip loaded file: file:///Users/vlad-balance-pl/.config/coc/extensions/coc-lua-data/lua-language-server/meta/Lua%205.4%20en-us%20utf8/basic.lua
[22:10:38.418][info] [#0:script/workspace/loading.lua:101]: Preload file at: file:///Users/vlad-balance-pl/.config/coc/extensions/coc-lua-data/lua-language-server/meta/Lua%205.4%20en-us%20utf8/string.lua , size = 6.327 KB
[22:10:38.421][info] [#0:script/workspace/loading.lua:113]: ++++As library of:	file:///Users/vlad-balance-pl/.config/coc/extensions/coc-lua-data/lua-language-server/meta/Lua%205.4%20en-us%20utf8/string.lua
[22:10:38.421][info] [#0:script/workspace/loading.lua:98]: Skip loaded file: file:///Users/vlad-balance-pl/.config/coc/extensions/coc-lua-data/lua-language-server/meta/Lua%205.4%20en-us%20utf8/string.lua
[22:10:38.421][info] [#0:script/workspace/loading.lua:101]: Preload file at: file:///Users/vlad-balance-pl/.config/coc/extensions/coc-lua-data/lua-language-server/meta/Lua%205.4%20en-us%20utf8/builtin.lua , size = 0.302 KB
[22:10:38.421][info] [#0:script/workspace/loading.lua:113]: ++++As library of:	file:///Users/vlad-balance-pl/.config/coc/extensions/coc-lua-data/lua-language-server/meta/Lua%205.4%20en-us%20utf8/builtin.lua
[22:10:38.421][info] [#0:script/workspace/loading.lua:98]: Skip loaded file: file:///Users/vlad-balance-pl/.config/coc/extensions/coc-lua-data/lua-language-server/meta/Lua%205.4%20en-us%20utf8/builtin.lua
[22:10:38.422][info] [#0:script/workspace/loading.lua:101]: Preload file at: file:///Users/vlad-balance-pl/.config/coc/extensions/coc-lua-data/lua-language-server/meta/Lua%205.4%20en-us%20utf8/utf8.lua , size = 2.386 KB
[22:10:38.423][info] [#0:script/workspace/loading.lua:113]: ++++As library of:	file:///Users/vlad-balance-pl/.config/coc/extensions/coc-lua-data/lua-language-server/meta/Lua%205.4%20en-us%20utf8/utf8.lua
[22:10:38.423][info] [#0:script/workspace/loading.lua:98]: Skip loaded file: file:///Users/vlad-balance-pl/.config/coc/extensions/coc-lua-data/lua-language-server/meta/Lua%205.4%20en-us%20utf8/utf8.lua
[22:10:38.423][info] [#0:script/workspace/loading.lua:101]: Preload file at: file:///Users/vlad-balance-pl/.config/nvim/plugin/treesitter.lua , size = 0.872 KB
[22:10:38.423][info] [#0:script/workspace/loading.lua:101]: Preload file at: file:///Users/vlad-balance-pl/.config/nvim/plugin/coc.lua , size = 2.986 KB
[22:10:38.425][info] [#0:script/workspace/loading.lua:101]: Preload file at: file:///Users/vlad-balance-pl/.config/nvim/plugin/toggleterm.lua , size = 0.419 KB
[22:10:38.425][info] [#0:script/workspace/loading.lua:101]: Preload file at: file:///Users/vlad-balance-pl/.config/nvim/plugin/vimspector.lua , size = 0.260 KB
[22:10:38.425][info] [#0:script/workspace/loading.lua:101]: Preload file at: file:///Users/vlad-balance-pl/.config/nvim/lua/wattabak/keymap.lua , size = 0.021 KB
[22:10:38.425][info] [#0:script/workspace/loading.lua:101]: Preload file at: file:///Users/vlad-balance-pl/.config/nvim/lua/wattabak/init.lua , size = 0.055 KB
[22:10:38.426][info] [#0:script/workspace/loading.lua:101]: Preload file at: file:///Users/vlad-balance-pl/.config/nvim/lua/wattabak/vimplug.lua , size = 1.536 KB
[22:10:38.528][info] [#0:script/workspace/loading.lua:173]: Loaded files takes [0.066] sec: <fallback>
[22:10:38.529][info] [#0:script/workspace/loading.lua:182]: Compile files takes [0.000] sec: <fallback>
[22:10:38.529][info] [#0:script/workspace/loading.lua:183]: Loaded finish:	<fallback>
[22:10:38.529][info] [#0:script/workspace/workspace.lua:381]: Preload finish at:	<fallback>
[22:10:38.544][info] [#0:script/workspace/loading.lua:173]: Loaded files takes [0.076] sec: file:///Users/vlad-balance-pl/.config/nvim
[22:10:38.544][info] [#0:script/workspace/loading.lua:182]: Compile files takes [0.000] sec: file:///Users/vlad-balance-pl/.config/nvim
[22:10:38.544][info] [#0:script/workspace/loading.lua:183]: Loaded finish:	file:///Users/vlad-balance-pl/.config/nvim
[22:10:38.544][info] [#0:script/workspace/workspace.lua:381]: Preload finish at:	file:///Users/vlad-balance-pl/.config/nvim
[22:10:38.550][info] [#0:script/provider/diagnostic.lua:560]: Diagnostics scope [file:///Users/vlad-balance-pl/.config/nvim], files count:[19]
[22:10:38.584][info] [#0:script/provider/diagnostic.lua:577]: Diagnostics scope [file:///Users/vlad-balance-pl/.config/nvim] finished, takes [0.028] sec.
[22:10:42.526][info] [#0:script/workspace/workspace.lua:284]: Scan files at:	file:///Users/vlad-balance-pl/.config/nvim/plugin/telescope.lua
[22:10:42.529][info] [#0:script/workspace/loading.lua:161]: Load files from disk:	file:///Users/vlad-balance-pl/.config/nvim/plugin/telescope.lua
[22:10:42.529][info] [#0:script/workspace/loading.lua:89]: Skip loaded file: file:///Users/vlad-balance-pl/.config/nvim/plugin/telescope.lua
[22:10:42.529][info] [#0:script/workspace/loading.lua:173]: Loaded files takes [0.000] sec: file:///Users/vlad-balance-pl/.config/nvim/plugin/telescope.lua
[22:10:42.530][info] [#0:script/workspace/loading.lua:182]: Compile files takes [0.000] sec: file:///Users/vlad-balance-pl/.config/nvim/plugin/telescope.lua
[22:10:42.530][info] [#0:script/workspace/loading.lua:183]: Loaded finish:	file:///Users/vlad-balance-pl/.config/nvim/plugin/telescope.lua
[22:10:43.475][info] [#0:script/workspace/workspace.lua:284]: Scan files at:	file:///Users/vlad-balance-pl/.config/nvim/plugin/telescope.lua
[22:10:43.476][info] [#0:script/workspace/loading.lua:161]: Load files from disk:	file:///Users/vlad-balance-pl/.config/nvim/plugin/telescope.lua
[22:10:43.476][info] [#0:script/workspace/loading.lua:89]: Skip loaded file: file:///Users/vlad-balance-pl/.config/nvim/plugin/telescope.lua
[22:10:43.476][info] [#0:script/workspace/loading.lua:173]: Loaded files takes [0.000] sec: file:///Users/vlad-balance-pl/.config/nvim/plugin/telescope.lua
[22:10:43.476][info] [#0:script/workspace/loading.lua:182]: Compile files takes [0.000] sec: file:///Users/vlad-balance-pl/.config/nvim/plugin/telescope.lua
[22:10:43.476][info] [#0:script/workspace/loading.lua:183]: Loaded finish:	file:///Users/vlad-balance-pl/.config/nvim/plugin/telescope.lua
[22:10:45.449][info] [#0:script/provider/diagnostic.lua:560]: Diagnostics scope [file:///Users/vlad-balance-pl/.config/nvim], files count:[19]
[22:10:45.483][info] [#0:script/provider/diagnostic.lua:577]: Diagnostics scope [file:///Users/vlad-balance-pl/.config/nvim] finished, takes [0.031] sec.
