[21:03:30.775][info] [#0:/Users/vlad-balance-pl/.config/coc/extensions/coc-lua-data/lua-language-server/main.lua:68]: Lua Lsp startup, root: 	/Users/vlad-balance-pl/.config/coc/extensions/coc-lua-data/lua-language-server
[21:03:30.775][info] [#0:/Users/vlad-balance-pl/.config/coc/extensions/coc-lua-data/lua-language-server/main.lua:69]: ROOT:	/Users/vlad-balance-pl/.config/coc/extensions/coc-lua-data/lua-language-server
[21:03:30.776][info] [#0:/Users/vlad-balance-pl/.config/coc/extensions/coc-lua-data/lua-language-server/main.lua:70]: LOGPATH:	/Users/vlad-balance-pl/.config/coc/extensions/coc-lua-data/lua-language-server/log
[21:03:30.776][info] [#0:/Users/vlad-balance-pl/.config/coc/extensions/coc-lua-data/lua-language-server/main.lua:71]: METAPATH:	/Users/vlad-balance-pl/.config/coc/extensions/coc-lua-data/lua-language-server/meta
[21:03:30.777][info] [#0:/Users/vlad-balance-pl/.config/coc/extensions/coc-lua-data/lua-language-server/main.lua:72]: VERSION:	3.10.4
[21:03:30.810][info] [#0:script/proto/proto.lua:234]: Listen Mode: stdio
[21:03:30.811][info] [#0:script/service/service.lua:146]: 
========= Medical Examination Report =========
    --------------- Memory ---------------
        Total: 2.222 MB
        # 00 : 2.222 MB
        # 01 : 0.000 MB
        # 02 : 0.000 MB
        # 03 : 0.000 MB
        # 04 : 0.000 MB
    --------------- Coroutine ---------------
        Total:     0
        Running:   0
        Suspended: 0
        Normal:    0
        Dead:      0
    --------------- Cache ---------------
        Total: 1
        Dead:  0
    ---------------  RPC  ---------------
        Holdon:   0
        Waiting:  0
==============================================
[21:03:30.816][info] [#0:script/client.lua:657]: Client init	{
  capabilities = {
    general = {
      markdown = {
        parser = "marked",
        version = "7.0.5"
      },
      positionEncodings = { "utf-16" },
      regularExpressions = {
        engine = "ECMAScript",
        version = "ES2020"
      },
      staleRequestSupport = {
        cancel = true,
        retryOnContentModified = { "textDocument/inlayHint", "textDocument/semanticTokens/full", "textDocument/semanticTokens/range", "textDocument/semanticTokens/full/delta" }
      }
    },
    textDocument = {
      callHierarchy = {
        dynamicRegistration = true
      },
      codeAction = {
        codeActionLiteralSupport = {
          codeActionKind = {
            valueSet = { "", "quickfix", "refactor", "refactor.extract", "refactor.inline", "refactor.rewrite", "source", "source.organizeImports" }
          }
        },
        dataSupport = true,
        disabledSupport = true,
        dynamicRegistration = true,
        honorsChangeAnnotations = false,
        isPreferredSupport = true,
        resolveSupport = {
          properties = { "edit" }
        }
      },
      codeLens = {
        dynamicRegistration = true
      },
      colorProvider = {
        dynamicRegistration = true
      },
      completion = {
        completionItem = {
          commitCharactersSupport = true,
          deprecatedSupport = true,
          documentationFormat = { "markdown", "plaintext" },
          insertReplaceSupport = true,
          insertTextModeSupport = {
            valueSet = { 1, 2 }
          },
          labelDetailsSupport = true,
          preselectSupport = true,
          resolveSupport = {
            properties = { "documentation", "detail", "additionalTextEdits" }
          },
          snippetSupport = true,
          tagSupport = {
            valueSet = { 1 }
          }
        },
        completionItemKind = {
          valueSet = { 1, 2, 3, 4, 5, 6, 7, 8, 9, 10, 11, 12, 13, 14, 15, 16, 17, 18, 19, 20, 21, 22, 23, 24, 25 }
        },
        completionList = {
          itemDefaults = { "commitCharacters", "editRange", "insertTextFormat", "insertTextMode" }
        },
        contextSupport = true,
        dynamicRegistration = true,
        insertTextMode = 2
      },
      declaration = {
        dynamicRegistration = true,
        linkSupport = true
      },
      definition = {
        dynamicRegistration = true,
        linkSupport = true
      },
      diagnostic = {
        dynamicRegistration = true,
        relatedDocumentSupport = true
      },
      documentHighlight = {
        dynamicRegistration = true
      },
      documentLink = {
        dynamicRegistration = true,
        tooltipSupport = true
      },
      documentSymbol = {
        dynamicRegistration = true,
        hierarchicalDocumentSymbolSupport = true,
        labelSupport = true,
        symbolKind = {
          valueSet = { 1, 2, 3, 4, 5, 6, 7, 8, 9, 10, 11, 12, 13, 14, 15, 16, 17, 18, 19, 20, 21, 22, 23, 24, 25, 26 }
        },
        tagSupport = {
          valueSet = { 1 }
        }
      },
      foldingRange = {
        dynamicRegistration = true,
        foldingRange = {
          collapsedText = false
        },
        foldingRangeKind = {
          valueSet = { "comment", "imports", "region" }
        },
        lineFoldingOnly = true,
        rangeLimit = 5000
      },
      formatting = {
        dynamicRegistration = true
      },
      hover = {
        contentFormat = { "markdown", "plaintext" },
        dynamicRegistration = true
      },
      implementation = {
        dynamicRegistration = true,
        linkSupport = true
      },
      inlayHint = {
        dynamicRegistration = true,
        resolveSupport = {
          properties = { "tooltip", "textEdits", "label.tooltip", "label.location", "label.command" }
        }
      },
      inlineValue = {
        dynamicRegistration = true
      },
      linkedEditingRange = {
        dynamicRegistration = true
      },
      onTypeFormatting = {
        dynamicRegistration = true
      },
      publishDiagnostics = {
        codeDescriptionSupport = true,
        dataSupport = true,
        relatedInformation = true,
        tagSupport = {
          valueSet = { 1, 2 }
        },
        versionSupport = true
      },
      rangeFormatting = {
        dynamicRegistration = true
      },
      references = {
        dynamicRegistration = true
      },
      rename = {
        dynamicRegistration = true,
        honorsChangeAnnotations = true,
        prepareSupport = true,
        prepareSupportDefaultBehavior = 1
      },
      selectionRange = {
        dynamicRegistration = true
      },
      semanticTokens = {
        augmentsSyntaxTokens = true,
        dynamicRegistration = true,
        formats = { "relative" },
        multilineTokenSupport = false,
        overlappingTokenSupport = false,
        requests = {
          full = {
            delta = true
          },
          range = true
        },
        serverCancelSupport = true,
        tokenModifiers = { "declaration", "definition", "readonly", "static", "deprecated", "abstract", "async", "modification", "documentation", "defaultLibrary" },
        tokenTypes = { "namespace", "type", "class", "enum", "interface", "struct", "typeParameter", "parameter", "variable", "property", "enumMember", "event", "function", "method", "macro", "keyword", "modifier", "comment", "string", "number", "regexp", "decorator", "operator" }
      },
      signatureHelp = {
        contextSupport = true,
        dynamicRegistration = true,
        signatureInformation = {
          activeParameterSupport = true,
          documentationFormat = { "markdown", "plaintext" },
          parameterInformation = {
            labelOffsetSupport = true
          }
        }
      },
      synchronization = {
        didSave = true,
        dynamicRegistration = true,
        willSave = true,
        willSaveWaitUntil = true
      },
      typeDefinition = {
        dynamicRegistration = true,
        linkSupport = true
      },
      typeHierarchy = {
        dynamicRegistration = true
      }
    },
    window = {
      showDocument = {
        support = true
      },
      showMessage = {
        messageActionItem = {
          additionalPropertiesSupport = true
        }
      },
      workDoneProgress = true
    },
    workspace = {
      applyEdit = true,
      codeLens = {
        refreshSupport = true
      },
      configuration = true,
      diagnostics = {
        refreshSupport = true
      },
      didChangeConfiguration = {
        dynamicRegistration = true
      },
      didChangeWatchedFiles = {
        dynamicRegistration = true,
        relativePatternSupport = true
      },
      executeCommand = {
        dynamicRegistration = true
      },
      fileOperations = {
        didCreate = true,
        didDelete = true,
        didRename = true,
        dynamicRegistration = true,
        willCreate = true,
        willDelete = true,
        willRename = true
      },
      inlayHint = {
        refreshSupport = true
      },
      inlineValue = {
        refreshSupport = true
      },
      semanticTokens = {
        refreshSupport = true
      },
      symbol = {
        dynamicRegistration = true,
        resolveSupport = {
          properties = { "location.range" }
        },
        symbolKind = {
          valueSet = { 1, 2, 3, 4, 5, 6, 7, 8, 9, 10, 11, 12, 13, 14, 15, 16, 17, 18, 19, 20, 21, 22, 23, 24, 25, 26 }
        },
        tagSupport = {
          valueSet = { 1 }
        }
      },
      workspaceEdit = {
        changeAnnotationSupport = {
          groupsOnLabel = false
        },
        documentChanges = true,
        failureHandling = "undo",
        normalizesLineEndings = true,
        resourceOperations = { "create", "rename", "delete" }
      },
      workspaceFolders = true
    }
  },
  clientInfo = {
    name = "coc.nvim",
    version = "0.0.82"
  },
  initializationOptions = {
    changeConfiguration = true
  },
  locale = "en_GB",
  processId = 14438,
  rootPath = "/Users/vlad-balance-pl/.config/nvim/plugin",
  rootUri = "file:///Users/vlad-balance-pl/.config/nvim/plugin",
  trace = "off",
  workDoneToken = "585e090d-a68e-4a2a-90e3-c482d7ffc75d",
  workspaceFolders = { {
      name = "plugin",
      uri = "file:///Users/vlad-balance-pl/.config/nvim/plugin"
    } }
}
[21:03:30.816][info] [#0:script/language.lua:137]: VSC language: en_GB
[21:03:30.816][info] [#0:script/language.lua:138]: LS  language: en-us
[21:03:30.816][info] [#0:script/workspace/workspace.lua:38]: Workspace init root: 	file:///Users/vlad-balance-pl/.config/nvim/plugin
[21:03:30.816][info] [#0:script/workspace/workspace.lua:42]: Log path: 	/Users/vlad-balance-pl/.config/coc/extensions/coc-lua-data/lua-language-server/log/file_Users_vlad-balance-pl_.config_nvim_plugin.log
[21:03:30.817][info] [#0:script/workspace/workspace.lua:48]: Workspace create: 	file:///Users/vlad-balance-pl/.config/nvim/plugin
[21:03:31.025][info] [#0:script/provider/provider.lua:46]: Load config from client	file:///Users/vlad-balance-pl/.config/nvim/plugin
[21:03:31.026][info] [#0:script/provider/provider.lua:47]: {
  Lua = {
    addonManager = {
      enable = true
    },
    codeLens = {
      enable = false
    },
    completion = {
      autoRequire = true,
      callSnippet = "Disable",
      displayContext = 0,
      enable = true,
      keywordSnippet = "Replace",
      postfix = "@",
      requireSeparator = ".",
      showParams = true,
      showWord = "Fallback",
      workspaceWord = true
    },
    diagnostics = {
      disable = {},
      disableScheme = { "git" },
      enable = true,
      globals = {},
      ignoredFiles = "Opened",
      libraryFiles = "Opened",
      unusedLocalExclude = {},
      workspaceDelay = 3000,
      workspaceEvent = "OnSave",
      workspaceRate = 100
    },
    doc = {
      packageName = {},
      privateName = {},
      protectedName = {}
    },
    format = {
      defaultConfig = {},
      enable = true
    },
    hint = {
      arrayIndex = "Auto",
      await = true,
      enable = false,
      paramName = "All",
      paramType = true,
      semicolon = "SameLine",
      setType = false
    },
    hover = {
      enable = true,
      enumsLimit = 5,
      expandAlias = true,
      previewFields = 50,
      viewNumber = true,
      viewString = true,
      viewStringMax = 1000
    },
    misc = {
      executablePath = "",
      parameters = {}
    },
    runtime = {
      fileEncoding = "utf8",
      meta = "${version} ${language} ${encoding}",
      nonstandardSymbol = {},
      path = { "?.lua", "?/init.lua" },
      pathStrict = false,
      plugin = "",
      pluginArgs = {},
      special = {},
      unicodeName = false,
      version = "Lua 5.4"
    },
    semantic = {
      annotation = true,
      enable = true,
      keyword = false,
      variable = true
    },
    signatureHelp = {
      enable = true
    },
    spell = {
      dict = {}
    },
    type = {
      castNumberToInteger = true,
      weakNilCheck = false,
      weakUnionCheck = false
    },
    window = {
      progressBar = true,
      statusBar = true
    },
    workspace = {
      checkThirdParty = true,
      ignoreDir = { ".vscode" },
      ignoreSubmodules = true,
      library = {},
      maxPreload = 5000,
      preloadFileSize = 500,
      useGitIgnore = true,
      userThirdParty = {}
    }
  }
}
[21:03:31.129][info] [#0:script/provider/completion.lua:43]: Enable completion.
[21:03:31.130][info] [#0:script/provider/provider.lua:61]: Load config from client	fallback
[21:03:31.131][info] [#0:script/provider/provider.lua:62]: {
  Lua = {
    addonManager = {
      enable = true
    },
    codeLens = {
      enable = false
    },
    completion = {
      autoRequire = true,
      callSnippet = "Disable",
      displayContext = 0,
      enable = true,
      keywordSnippet = "Replace",
      postfix = "@",
      requireSeparator = ".",
      showParams = true,
      showWord = "Fallback",
      workspaceWord = true
    },
    diagnostics = {
      disable = {},
      disableScheme = { "git" },
      enable = true,
      globals = {},
      ignoredFiles = "Opened",
      libraryFiles = "Opened",
      unusedLocalExclude = {},
      workspaceDelay = 3000,
      workspaceEvent = "OnSave",
      workspaceRate = 100
    },
    doc = {
      packageName = {},
      privateName = {},
      protectedName = {}
    },
    format = {
      defaultConfig = {},
      enable = true
    },
    hint = {
      arrayIndex = "Auto",
      await = true,
      enable = false,
      paramName = "All",
      paramType = true,
      semicolon = "SameLine",
      setType = false
    },
    hover = {
      enable = true,
      enumsLimit = 5,
      expandAlias = true,
      previewFields = 50,
      viewNumber = true,
      viewString = true,
      viewStringMax = 1000
    },
    misc = {
      executablePath = "",
      parameters = {}
    },
    runtime = {
      fileEncoding = "utf8",
      meta = "${version} ${language} ${encoding}",
      nonstandardSymbol = {},
      path = { "?.lua", "?/init.lua" },
      pathStrict = false,
      plugin = "",
      pluginArgs = {},
      special = {},
      unicodeName = false,
      version = "Lua 5.4"
    },
    semantic = {
      annotation = true,
      enable = true,
      keyword = false,
      variable = true
    },
    signatureHelp = {
      enable = true
    },
    spell = {
      dict = {}
    },
    type = {
      castNumberToInteger = true,
      weakNilCheck = false,
      weakUnionCheck = false
    },
    window = {
      progressBar = true,
      statusBar = true
    },
    workspace = {
      checkThirdParty = true,
      ignoreDir = { ".vscode" },
      ignoreSubmodules = true,
      library = {},
      maxPreload = 5000,
      preloadFileSize = 500,
      useGitIgnore = true,
      userThirdParty = {}
    }
  }
}
[21:03:31.373][info] [#0:script/plugin.lua:169]: plugin path:	/Users/vlad-balance-pl/.config/nvim/plugin
[21:03:31.373][warn] [#0:script/plugin.lua:184]: plugin not found:	/Users/vlad-balance-pl/.config/nvim/plugin
[21:03:31.373][info] [#0:script/library.lua:212]: Init builtin library at:	file:///Users/vlad-balance-pl/.config/nvim/plugin
[21:03:31.394][info] [#0:script/library.lua:212]: Init builtin library at:	nil
[21:03:31.509][info] [#0:script/workspace/workspace.lua:324]: Preload start:	file:///Users/vlad-balance-pl/.config/nvim/plugin
[21:03:31.518][info] [#0:script/workspace/workspace.lua:330]: Scan files at:	file:///Users/vlad-balance-pl/.config/nvim/plugin
[21:03:31.520][info] [#0:script/workspace/workspace.lua:324]: Preload start:	<fallback>
[21:03:31.524][info] [#0:script/workspace/workspace.lua:353]: Scan library at:	file:///Users/vlad-balance-pl/.config/coc/extensions/coc-lua-data/lua-language-server/meta/Lua%205.4%20en-us%20utf8/utf8.lua
[21:03:31.524][info] [#0:script/workspace/workspace.lua:353]: Scan library at:	file:///Users/vlad-balance-pl/.config/coc/extensions/coc-lua-data/lua-language-server/meta/Lua%205.4%20en-us%20utf8/builtin.lua
[21:03:31.525][info] [#0:script/workspace/workspace.lua:353]: Scan library at:	file:///Users/vlad-balance-pl/.config/coc/extensions/coc-lua-data/lua-language-server/meta/Lua%205.4%20en-us%20utf8/string.lua
[21:03:31.525][info] [#0:script/workspace/workspace.lua:353]: Scan library at:	file:///Users/vlad-balance-pl/.config/coc/extensions/coc-lua-data/lua-language-server/meta/Lua%205.4%20en-us%20utf8/utf8.lua
[21:03:31.525][info] [#0:script/workspace/workspace.lua:353]: Scan library at:	file:///Users/vlad-balance-pl/.config/coc/extensions/coc-lua-data/lua-language-server/meta/Lua%205.4%20en-us%20utf8/basic.lua
[21:03:31.525][info] [#0:script/workspace/workspace.lua:353]: Scan library at:	file:///Users/vlad-balance-pl/.config/coc/extensions/coc-lua-data/lua-language-server/meta/Lua%205.4%20en-us%20utf8/builtin.lua
[21:03:31.526][info] [#0:script/workspace/workspace.lua:353]: Scan library at:	file:///Users/vlad-balance-pl/.config/coc/extensions/coc-lua-data/lua-language-server/meta/Lua%205.4%20en-us%20utf8/debug.lua
[21:03:31.526][info] [#0:script/workspace/workspace.lua:353]: Scan library at:	file:///Users/vlad-balance-pl/.config/coc/extensions/coc-lua-data/lua-language-server/meta/Lua%205.4%20en-us%20utf8/string.lua
[21:03:31.526][info] [#0:script/workspace/workspace.lua:353]: Scan library at:	file:///Users/vlad-balance-pl/.config/coc/extensions/coc-lua-data/lua-language-server/meta/Lua%205.4%20en-us%20utf8/io.lua
[21:03:31.526][info] [#0:script/workspace/workspace.lua:353]: Scan library at:	file:///Users/vlad-balance-pl/.config/coc/extensions/coc-lua-data/lua-language-server/meta/Lua%205.4%20en-us%20utf8/basic.lua
[21:03:31.526][info] [#0:script/workspace/workspace.lua:353]: Scan library at:	file:///Users/vlad-balance-pl/.config/coc/extensions/coc-lua-data/lua-language-server/meta/Lua%205.4%20en-us%20utf8/package.lua
[21:03:31.526][info] [#0:script/workspace/workspace.lua:353]: Scan library at:	file:///Users/vlad-balance-pl/.config/coc/extensions/coc-lua-data/lua-language-server/meta/Lua%205.4%20en-us%20utf8/debug.lua
[21:03:31.526][info] [#0:script/workspace/workspace.lua:353]: Scan library at:	file:///Users/vlad-balance-pl/.config/coc/extensions/coc-lua-data/lua-language-server/meta/Lua%205.4%20en-us%20utf8/table.lua
[21:03:31.527][info] [#0:script/workspace/workspace.lua:353]: Scan library at:	file:///Users/vlad-balance-pl/.config/coc/extensions/coc-lua-data/lua-language-server/meta/Lua%205.4%20en-us%20utf8/io.lua
[21:03:31.527][info] [#0:script/workspace/workspace.lua:353]: Scan library at:	file:///Users/vlad-balance-pl/.config/coc/extensions/coc-lua-data/lua-language-server/meta/Lua%205.4%20en-us%20utf8/os.lua
[21:03:31.527][info] [#0:script/workspace/workspace.lua:353]: Scan library at:	file:///Users/vlad-balance-pl/.config/coc/extensions/coc-lua-data/lua-language-server/meta/Lua%205.4%20en-us%20utf8/package.lua
[21:03:31.527][info] [#0:script/workspace/workspace.lua:353]: Scan library at:	file:///Users/vlad-balance-pl/.config/coc/extensions/coc-lua-data/lua-language-server/meta/Lua%205.4%20en-us%20utf8/coroutine.lua
[21:03:31.527][info] [#0:script/workspace/workspace.lua:353]: Scan library at:	file:///Users/vlad-balance-pl/.config/coc/extensions/coc-lua-data/lua-language-server/meta/Lua%205.4%20en-us%20utf8/table.lua
[21:03:31.527][info] [#0:script/workspace/workspace.lua:353]: Scan library at:	file:///Users/vlad-balance-pl/.config/coc/extensions/coc-lua-data/lua-language-server/meta/Lua%205.4%20en-us%20utf8/math.lua
[21:03:31.528][info] [#0:script/workspace/workspace.lua:353]: Scan library at:	file:///Users/vlad-balance-pl/.config/coc/extensions/coc-lua-data/lua-language-server/meta/Lua%205.4%20en-us%20utf8/os.lua
[21:03:31.528][info] [#0:script/workspace/workspace.lua:353]: Scan library at:	file:///Users/vlad-balance-pl/.config/coc/extensions/coc-lua-data/lua-language-server/meta/Lua%205.4%20en-us%20utf8/coroutine.lua
[21:03:31.528][info] [#0:script/workspace/workspace.lua:353]: Scan library at:	file:///Users/vlad-balance-pl/.config/coc/extensions/coc-lua-data/lua-language-server/meta/Lua%205.4%20en-us%20utf8/math.lua
[21:03:31.634][info] [#0:script/workspace/workspace.lua:379]: Found 11 files at:	<fallback>
[21:03:31.634][info] [#0:script/workspace/loading.lua:161]: Load files from disk:	<fallback>
[21:03:31.638][info] [#0:script/workspace/workspace.lua:379]: Found 14 files at:	file:///Users/vlad-balance-pl/.config/nvim/plugin
[21:03:31.638][info] [#0:script/workspace/loading.lua:161]: Load files from disk:	file:///Users/vlad-balance-pl/.config/nvim/plugin
[21:03:31.639][info] [#0:script/workspace/loading.lua:89]: Skip loaded file: file:///Users/vlad-balance-pl/.config/nvim/plugin/coc.lua
[21:03:31.741][info] [#0:script/workspace/loading.lua:101]: Preload file at: file:///Users/vlad-balance-pl/.config/coc/extensions/coc-lua-data/lua-language-server/meta/Lua%205.4%20en-us%20utf8/math.lua , size = 8.509 KB
[21:03:31.762][info] [#0:script/workspace/loading.lua:113]: ++++As library of:	file:///Users/vlad-balance-pl/.config/coc/extensions/coc-lua-data/lua-language-server/meta/Lua%205.4%20en-us%20utf8/math.lua
[21:03:31.762][info] [#0:script/workspace/loading.lua:98]: Skip loaded file: file:///Users/vlad-balance-pl/.config/coc/extensions/coc-lua-data/lua-language-server/meta/Lua%205.4%20en-us%20utf8/math.lua
[21:03:31.762][info] [#0:script/workspace/loading.lua:101]: Preload file at: file:///Users/vlad-balance-pl/.config/coc/extensions/coc-lua-data/lua-language-server/meta/Lua%205.4%20en-us%20utf8/coroutine.lua , size = 2.590 KB
[21:03:31.765][info] [#0:script/workspace/loading.lua:113]: ++++As library of:	file:///Users/vlad-balance-pl/.config/coc/extensions/coc-lua-data/lua-language-server/meta/Lua%205.4%20en-us%20utf8/coroutine.lua
[21:03:31.765][info] [#0:script/workspace/loading.lua:98]: Skip loaded file: file:///Users/vlad-balance-pl/.config/coc/extensions/coc-lua-data/lua-language-server/meta/Lua%205.4%20en-us%20utf8/coroutine.lua
[21:03:31.765][info] [#0:script/workspace/loading.lua:101]: Preload file at: file:///Users/vlad-balance-pl/.config/coc/extensions/coc-lua-data/lua-language-server/meta/Lua%205.4%20en-us%20utf8/os.lua , size = 5.600 KB
[21:03:31.769][info] [#0:script/workspace/loading.lua:113]: ++++As library of:	file:///Users/vlad-balance-pl/.config/coc/extensions/coc-lua-data/lua-language-server/meta/Lua%205.4%20en-us%20utf8/os.lua
[21:03:31.769][info] [#0:script/workspace/loading.lua:98]: Skip loaded file: file:///Users/vlad-balance-pl/.config/coc/extensions/coc-lua-data/lua-language-server/meta/Lua%205.4%20en-us%20utf8/os.lua
[21:03:31.769][info] [#0:script/workspace/loading.lua:101]: Preload file at: file:///Users/vlad-balance-pl/.config/coc/extensions/coc-lua-data/lua-language-server/meta/Lua%205.4%20en-us%20utf8/table.lua , size = 4.235 KB
[21:03:31.771][info] [#0:script/workspace/loading.lua:113]: ++++As library of:	file:///Users/vlad-balance-pl/.config/coc/extensions/coc-lua-data/lua-language-server/meta/Lua%205.4%20en-us%20utf8/table.lua
[21:03:31.771][info] [#0:script/workspace/loading.lua:98]: Skip loaded file: file:///Users/vlad-balance-pl/.config/coc/extensions/coc-lua-data/lua-language-server/meta/Lua%205.4%20en-us%20utf8/table.lua
[21:03:31.771][info] [#0:script/workspace/loading.lua:101]: Preload file at: file:///Users/vlad-balance-pl/.config/coc/extensions/coc-lua-data/lua-language-server/meta/Lua%205.4%20en-us%20utf8/package.lua , size = 2.944 KB
[21:03:31.772][info] [#0:script/workspace/loading.lua:113]: ++++As library of:	file:///Users/vlad-balance-pl/.config/coc/extensions/coc-lua-data/lua-language-server/meta/Lua%205.4%20en-us%20utf8/package.lua
[21:03:31.772][info] [#0:script/workspace/loading.lua:98]: Skip loaded file: file:///Users/vlad-balance-pl/.config/coc/extensions/coc-lua-data/lua-language-server/meta/Lua%205.4%20en-us%20utf8/package.lua
[21:03:31.772][info] [#0:script/workspace/loading.lua:101]: Preload file at: file:///Users/vlad-balance-pl/.config/coc/extensions/coc-lua-data/lua-language-server/meta/Lua%205.4%20en-us%20utf8/io.lua , size = 6.364 KB
[21:03:31.775][info] [#0:script/workspace/loading.lua:113]: ++++As library of:	file:///Users/vlad-balance-pl/.config/coc/extensions/coc-lua-data/lua-language-server/meta/Lua%205.4%20en-us%20utf8/io.lua
[21:03:31.775][info] [#0:script/workspace/loading.lua:98]: Skip loaded file: file:///Users/vlad-balance-pl/.config/coc/extensions/coc-lua-data/lua-language-server/meta/Lua%205.4%20en-us%20utf8/io.lua
[21:03:31.775][info] [#0:script/workspace/loading.lua:101]: Preload file at: file:///Users/vlad-balance-pl/.config/coc/extensions/coc-lua-data/lua-language-server/meta/Lua%205.4%20en-us%20utf8/debug.lua , size = 7.637 KB
[21:03:31.778][info] [#0:script/workspace/loading.lua:113]: ++++As library of:	file:///Users/vlad-balance-pl/.config/coc/extensions/coc-lua-data/lua-language-server/meta/Lua%205.4%20en-us%20utf8/debug.lua
[21:03:31.778][info] [#0:script/workspace/loading.lua:98]: Skip loaded file: file:///Users/vlad-balance-pl/.config/coc/extensions/coc-lua-data/lua-language-server/meta/Lua%205.4%20en-us%20utf8/debug.lua
[21:03:31.778][info] [#0:script/workspace/loading.lua:101]: Preload file at: file:///Users/vlad-balance-pl/.config/coc/extensions/coc-lua-data/lua-language-server/meta/Lua%205.4%20en-us%20utf8/basic.lua , size = 15.619 KB
[21:03:31.783][info] [#0:script/workspace/loading.lua:113]: ++++As library of:	file:///Users/vlad-balance-pl/.config/coc/extensions/coc-lua-data/lua-language-server/meta/Lua%205.4%20en-us%20utf8/basic.lua
[21:03:31.783][info] [#0:script/workspace/loading.lua:98]: Skip loaded file: file:///Users/vlad-balance-pl/.config/coc/extensions/coc-lua-data/lua-language-server/meta/Lua%205.4%20en-us%20utf8/basic.lua
[21:03:31.783][info] [#0:script/workspace/loading.lua:101]: Preload file at: file:///Users/vlad-balance-pl/.config/coc/extensions/coc-lua-data/lua-language-server/meta/Lua%205.4%20en-us%20utf8/string.lua , size = 6.327 KB
[21:03:31.786][info] [#0:script/workspace/loading.lua:113]: ++++As library of:	file:///Users/vlad-balance-pl/.config/coc/extensions/coc-lua-data/lua-language-server/meta/Lua%205.4%20en-us%20utf8/string.lua
[21:03:31.786][info] [#0:script/workspace/loading.lua:98]: Skip loaded file: file:///Users/vlad-balance-pl/.config/coc/extensions/coc-lua-data/lua-language-server/meta/Lua%205.4%20en-us%20utf8/string.lua
[21:03:31.786][info] [#0:script/workspace/loading.lua:101]: Preload file at: file:///Users/vlad-balance-pl/.config/coc/extensions/coc-lua-data/lua-language-server/meta/Lua%205.4%20en-us%20utf8/builtin.lua , size = 0.302 KB
[21:03:31.787][info] [#0:script/workspace/loading.lua:113]: ++++As library of:	file:///Users/vlad-balance-pl/.config/coc/extensions/coc-lua-data/lua-language-server/meta/Lua%205.4%20en-us%20utf8/builtin.lua
[21:03:31.787][info] [#0:script/workspace/loading.lua:98]: Skip loaded file: file:///Users/vlad-balance-pl/.config/coc/extensions/coc-lua-data/lua-language-server/meta/Lua%205.4%20en-us%20utf8/builtin.lua
[21:03:31.787][info] [#0:script/workspace/loading.lua:101]: Preload file at: file:///Users/vlad-balance-pl/.config/coc/extensions/coc-lua-data/lua-language-server/meta/Lua%205.4%20en-us%20utf8/utf8.lua , size = 2.386 KB
[21:03:31.788][info] [#0:script/workspace/loading.lua:113]: ++++As library of:	file:///Users/vlad-balance-pl/.config/coc/extensions/coc-lua-data/lua-language-server/meta/Lua%205.4%20en-us%20utf8/utf8.lua
[21:03:31.788][info] [#0:script/workspace/loading.lua:98]: Skip loaded file: file:///Users/vlad-balance-pl/.config/coc/extensions/coc-lua-data/lua-language-server/meta/Lua%205.4%20en-us%20utf8/utf8.lua
[21:03:31.788][info] [#0:script/workspace/loading.lua:101]: Preload file at: file:///Users/vlad-balance-pl/.config/nvim/plugin/telescope.lua , size = 1.060 KB
[21:03:31.788][info] [#0:script/workspace/loading.lua:101]: Preload file at: file:///Users/vlad-balance-pl/.config/nvim/plugin/toggleterm.lua , size = 0.419 KB
[21:03:31.894][info] [#0:script/workspace/loading.lua:173]: Loaded files takes [0.050] sec: <fallback>
[21:03:31.894][info] [#0:script/workspace/loading.lua:182]: Compile files takes [0.000] sec: <fallback>
[21:03:31.894][info] [#0:script/workspace/loading.lua:183]: Loaded finish:	<fallback>
[21:03:31.894][info] [#0:script/workspace/workspace.lua:381]: Preload finish at:	<fallback>
[21:03:31.910][info] [#0:script/workspace/loading.lua:173]: Loaded files takes [0.061] sec: file:///Users/vlad-balance-pl/.config/nvim/plugin
[21:03:31.910][info] [#0:script/workspace/loading.lua:182]: Compile files takes [0.000] sec: file:///Users/vlad-balance-pl/.config/nvim/plugin
[21:03:31.910][info] [#0:script/workspace/loading.lua:183]: Loaded finish:	file:///Users/vlad-balance-pl/.config/nvim/plugin
[21:03:31.910][info] [#0:script/workspace/workspace.lua:381]: Preload finish at:	file:///Users/vlad-balance-pl/.config/nvim/plugin
[21:03:31.918][info] [#0:script/provider/diagnostic.lua:560]: Diagnostics scope [file:///Users/vlad-balance-pl/.config/nvim/plugin], files count:[14]
[21:03:31.937][info] [#0:script/provider/diagnostic.lua:577]: Diagnostics scope [file:///Users/vlad-balance-pl/.config/nvim/plugin] finished, takes [0.013] sec.
[21:03:34.887][info] [#0:script/workspace/workspace.lua:284]: Scan files at:	file:///Users/vlad-balance-pl/.config/nvim/plugin/coc.lua
[21:03:34.889][info] [#0:script/workspace/loading.lua:161]: Load files from disk:	file:///Users/vlad-balance-pl/.config/nvim/plugin/coc.lua
[21:03:34.889][info] [#0:script/workspace/loading.lua:89]: Skip loaded file: file:///Users/vlad-balance-pl/.config/nvim/plugin/coc.lua
[21:03:34.889][info] [#0:script/workspace/loading.lua:173]: Loaded files takes [0.000] sec: file:///Users/vlad-balance-pl/.config/nvim/plugin/coc.lua
[21:03:34.889][info] [#0:script/workspace/loading.lua:182]: Compile files takes [0.000] sec: file:///Users/vlad-balance-pl/.config/nvim/plugin/coc.lua
[21:03:34.889][info] [#0:script/workspace/loading.lua:183]: Loaded finish:	file:///Users/vlad-balance-pl/.config/nvim/plugin/coc.lua
[21:03:36.907][info] [#0:script/workspace/workspace.lua:284]: Scan files at:	file:///Users/vlad-balance-pl/.config/nvim/plugin/coc.lua
[21:03:36.908][info] [#0:script/workspace/loading.lua:161]: Load files from disk:	file:///Users/vlad-balance-pl/.config/nvim/plugin/coc.lua
[21:03:36.908][info] [#0:script/workspace/loading.lua:89]: Skip loaded file: file:///Users/vlad-balance-pl/.config/nvim/plugin/coc.lua
[21:03:36.908][info] [#0:script/workspace/loading.lua:173]: Loaded files takes [0.000] sec: file:///Users/vlad-balance-pl/.config/nvim/plugin/coc.lua
[21:03:36.909][info] [#0:script/workspace/loading.lua:182]: Compile files takes [0.000] sec: file:///Users/vlad-balance-pl/.config/nvim/plugin/coc.lua
[21:03:36.909][info] [#0:script/workspace/loading.lua:183]: Loaded finish:	file:///Users/vlad-balance-pl/.config/nvim/plugin/coc.lua
[21:03:37.429][info] [#0:script/provider/diagnostic.lua:560]: Diagnostics scope [file:///Users/vlad-balance-pl/.config/nvim/plugin], files count:[14]
[21:03:37.456][info] [#0:script/provider/diagnostic.lua:577]: Diagnostics scope [file:///Users/vlad-balance-pl/.config/nvim/plugin] finished, takes [0.025] sec.
[21:03:39.958][info] [#0:script/provider/diagnostic.lua:560]: Diagnostics scope [file:///Users/vlad-balance-pl/.config/nvim/plugin], files count:[14]
[21:03:39.990][info] [#0:script/provider/diagnostic.lua:577]: Diagnostics scope [file:///Users/vlad-balance-pl/.config/nvim/plugin] finished, takes [0.030] sec.
[21:04:22.014][info] [#0:script/workspace/workspace.lua:284]: Scan files at:	file:///Users/vlad-balance-pl/.config/nvim/plugin/coc.lua
[21:04:22.015][info] [#0:script/workspace/loading.lua:161]: Load files from disk:	file:///Users/vlad-balance-pl/.config/nvim/plugin/coc.lua
[21:04:22.015][info] [#0:script/workspace/loading.lua:89]: Skip loaded file: file:///Users/vlad-balance-pl/.config/nvim/plugin/coc.lua
[21:04:22.015][info] [#0:script/workspace/loading.lua:173]: Loaded files takes [0.000] sec: file:///Users/vlad-balance-pl/.config/nvim/plugin/coc.lua
[21:04:22.015][info] [#0:script/workspace/loading.lua:182]: Compile files takes [0.000] sec: file:///Users/vlad-balance-pl/.config/nvim/plugin/coc.lua
[21:04:22.015][info] [#0:script/workspace/loading.lua:183]: Loaded finish:	file:///Users/vlad-balance-pl/.config/nvim/plugin/coc.lua
[21:04:24.341][info] [#0:script/provider/diagnostic.lua:560]: Diagnostics scope [file:///Users/vlad-balance-pl/.config/nvim/plugin], files count:[14]
[21:04:33.153][info] [#0:script/workspace/workspace.lua:284]: Scan files at:	file:///Users/vlad-balance-pl/.config/nvim/plugin/coc.lua
[21:04:33.153][info] [#0:script/workspace/loading.lua:161]: Load files from disk:	file:///Users/vlad-balance-pl/.config/nvim/plugin/coc.lua
[21:04:33.153][info] [#0:script/workspace/loading.lua:89]: Skip loaded file: file:///Users/vlad-balance-pl/.config/nvim/plugin/coc.lua
[21:04:33.153][info] [#0:script/workspace/loading.lua:173]: Loaded files takes [0.000] sec: file:///Users/vlad-balance-pl/.config/nvim/plugin/coc.lua
[21:04:33.154][info] [#0:script/workspace/loading.lua:182]: Compile files takes [0.000] sec: file:///Users/vlad-balance-pl/.config/nvim/plugin/coc.lua
[21:04:33.154][info] [#0:script/workspace/loading.lua:183]: Loaded finish:	file:///Users/vlad-balance-pl/.config/nvim/plugin/coc.lua
[21:04:35.067][info] [#0:script/workspace/workspace.lua:284]: Scan files at:	file:///Users/vlad-balance-pl/.config/nvim/plugin/coc.lua
[21:04:35.067][info] [#0:script/workspace/loading.lua:161]: Load files from disk:	file:///Users/vlad-balance-pl/.config/nvim/plugin/coc.lua
[21:04:35.067][info] [#0:script/workspace/loading.lua:89]: Skip loaded file: file:///Users/vlad-balance-pl/.config/nvim/plugin/coc.lua
[21:04:35.067][info] [#0:script/workspace/loading.lua:173]: Loaded files takes [0.000] sec: file:///Users/vlad-balance-pl/.config/nvim/plugin/coc.lua
[21:04:35.068][info] [#0:script/workspace/loading.lua:182]: Compile files takes [0.000] sec: file:///Users/vlad-balance-pl/.config/nvim/plugin/coc.lua
[21:04:35.068][info] [#0:script/workspace/loading.lua:183]: Loaded finish:	file:///Users/vlad-balance-pl/.config/nvim/plugin/coc.lua
[21:04:36.001][info] [#0:script/provider/diagnostic.lua:560]: Diagnostics scope [file:///Users/vlad-balance-pl/.config/nvim/plugin], files count:[14]
[21:04:36.025][info] [#0:script/provider/diagnostic.lua:577]: Diagnostics scope [file:///Users/vlad-balance-pl/.config/nvim/plugin] finished, takes [0.017] sec.
[21:04:38.008][info] [#0:script/provider/diagnostic.lua:560]: Diagnostics scope [file:///Users/vlad-balance-pl/.config/nvim/plugin], files count:[14]
[21:04:38.038][info] [#0:script/provider/diagnostic.lua:577]: Diagnostics scope [file:///Users/vlad-balance-pl/.config/nvim/plugin] finished, takes [0.027] sec.
[21:04:56.185][info] [#0:script/workspace/workspace.lua:284]: Scan files at:	file:///Users/vlad-balance-pl/.config/nvim/plugin/coc.lua
[21:04:56.185][info] [#0:script/workspace/loading.lua:161]: Load files from disk:	file:///Users/vlad-balance-pl/.config/nvim/plugin/coc.lua
[21:04:56.186][info] [#0:script/workspace/loading.lua:89]: Skip loaded file: file:///Users/vlad-balance-pl/.config/nvim/plugin/coc.lua
[21:04:56.186][info] [#0:script/workspace/loading.lua:173]: Loaded files takes [0.000] sec: file:///Users/vlad-balance-pl/.config/nvim/plugin/coc.lua
[21:04:56.186][info] [#0:script/workspace/loading.lua:182]: Compile files takes [0.000] sec: file:///Users/vlad-balance-pl/.config/nvim/plugin/coc.lua
[21:04:56.186][info] [#0:script/workspace/loading.lua:183]: Loaded finish:	file:///Users/vlad-balance-pl/.config/nvim/plugin/coc.lua
[21:04:58.371][info] [#0:script/provider/diagnostic.lua:560]: Diagnostics scope [file:///Users/vlad-balance-pl/.config/nvim/plugin], files count:[14]
[21:04:58.401][info] [#0:script/provider/diagnostic.lua:577]: Diagnostics scope [file:///Users/vlad-balance-pl/.config/nvim/plugin] finished, takes [0.026] sec.
[21:05:08.232][info] [#0:script/workspace/workspace.lua:284]: Scan files at:	file:///Users/vlad-balance-pl/.config/nvim/plugin/coc.lua
[21:05:08.233][info] [#0:script/workspace/loading.lua:161]: Load files from disk:	file:///Users/vlad-balance-pl/.config/nvim/plugin/coc.lua
[21:05:08.233][info] [#0:script/workspace/loading.lua:89]: Skip loaded file: file:///Users/vlad-balance-pl/.config/nvim/plugin/coc.lua
[21:05:08.233][info] [#0:script/workspace/loading.lua:173]: Loaded files takes [0.000] sec: file:///Users/vlad-balance-pl/.config/nvim/plugin/coc.lua
[21:05:08.233][info] [#0:script/workspace/loading.lua:182]: Compile files takes [0.000] sec: file:///Users/vlad-balance-pl/.config/nvim/plugin/coc.lua
[21:05:08.233][info] [#0:script/workspace/loading.lua:183]: Loaded finish:	file:///Users/vlad-balance-pl/.config/nvim/plugin/coc.lua
[21:05:10.829][info] [#0:script/provider/diagnostic.lua:560]: Diagnostics scope [file:///Users/vlad-balance-pl/.config/nvim/plugin], files count:[14]
[21:05:10.858][info] [#0:script/provider/diagnostic.lua:577]: Diagnostics scope [file:///Users/vlad-balance-pl/.config/nvim/plugin] finished, takes [0.025] sec.
[21:05:18.263][info] [#0:script/workspace/workspace.lua:284]: Scan files at:	file:///Users/vlad-balance-pl/.config/nvim/plugin/coc.lua
[21:05:18.263][info] [#0:script/workspace/loading.lua:161]: Load files from disk:	file:///Users/vlad-balance-pl/.config/nvim/plugin/coc.lua
[21:05:18.263][info] [#0:script/workspace/loading.lua:89]: Skip loaded file: file:///Users/vlad-balance-pl/.config/nvim/plugin/coc.lua
[21:05:18.263][info] [#0:script/workspace/loading.lua:173]: Loaded files takes [0.000] sec: file:///Users/vlad-balance-pl/.config/nvim/plugin/coc.lua
[21:05:18.264][info] [#0:script/workspace/loading.lua:182]: Compile files takes [0.000] sec: file:///Users/vlad-balance-pl/.config/nvim/plugin/coc.lua
[21:05:18.264][info] [#0:script/workspace/loading.lua:183]: Loaded finish:	file:///Users/vlad-balance-pl/.config/nvim/plugin/coc.lua
[21:05:20.454][info] [#0:script/provider/diagnostic.lua:560]: Diagnostics scope [file:///Users/vlad-balance-pl/.config/nvim/plugin], files count:[14]
[21:05:20.479][info] [#0:script/provider/diagnostic.lua:577]: Diagnostics scope [file:///Users/vlad-balance-pl/.config/nvim/plugin] finished, takes [0.024] sec.
